<?xml version="1.0" encoding="UTF-8"?>
<coverage generated="1617474832101" clover="3.2.0">
  <project timestamp="1617474832101" name="All files">
    <metrics statements="8" coveredstatements="8" conditionals="0" coveredconditionals="0" methods="3" coveredmethods="3" elements="11" coveredelements="11" complexity="0" loc="8" ncloc="8" packages="1" files="2" classes="2"/>
    <file name="array.js" path="/media/theblackwidow/a21aed95-7408-47bb-9c7a-10d07afe8e6a/enmanuel/Documentos/workspace/github.com/testing_jest/src/array.js">
      <metrics statements="5" coveredstatements="5" conditionals="0" coveredconditionals="0" methods="2" coveredmethods="2"/>
      <line num="1" count="1" type="stmt"/>
      <line num="2" count="3" type="stmt"/>
      <line num="10" count="1" type="stmt"/>
      <line num="11" count="1" type="stmt"/>
      <line num="19" count="1" type="stmt"/>
    </file>
    <file name="sum.js" path="/media/theblackwidow/a21aed95-7408-47bb-9c7a-10d07afe8e6a/enmanuel/Documentos/workspace/github.com/testing_jest/src/sum.js">
      <metrics statements="3" coveredstatements="3" conditionals="0" coveredconditionals="0" methods="1" coveredmethods="1"/>
      <line num="1" count="1" type="stmt"/>
      <line num="2" count="4" type="stmt"/>
      <line num="5" count="1" type="stmt"/>
    </file>
  </project>
</coverage>
