{"/media/theblackwidow/a21aed95-7408-47bb-9c7a-10d07afe8e6a/enmanuel/Documentos/workspace/github.com/testing_jest/src/array.js": {"path":"/media/theblackwidow/a21aed95-7408-47bb-9c7a-10d07afe8e6a/enmanuel/Documentos/workspace/github.com/testing_jest/src/array.js","statementMap":{"0":{"start":{"line":1,"column":15},"end":{"line":8,"column":1}},"1":{"start":{"line":2,"column":4},"end":{"line":7,"column":6}},"2":{"start":{"line":10,"column":16},"end":{"line":17,"column":1}},"3":{"start":{"line":11,"column":4},"end":{"line":16,"column":5}},"4":{"start":{"line":19,"column":0},"end":{"line":19,"column":60}}},"fnMap":{"0":{"name":"(anonymous_0)","decl":{"start":{"line":1,"column":15},"end":{"line":1,"column":16}},"loc":{"start":{"line":1,"column":19},"end":{"line":8,"column":1}},"line":1},"1":{"name":"(anonymous_1)","decl":{"start":{"line":10,"column":16},"end":{"line":10,"column":17}},"loc":{"start":{"line":10,"column":20},"end":{"line":17,"column":1}},"line":10}},"branchMap":{},"s":{"0":1,"1":3,"2":1,"3":1,"4":1},"f":{"0":3,"1":1},"b":{},"_coverageSchema":"1a1c01bbd47fc00a2c39e90264f33305004495a9","hash":"082ba61fc0f8c2c883aa1e889aad9cc75e2ab93d"}
,"/media/theblackwidow/a21aed95-7408-47bb-9c7a-10d07afe8e6a/enmanuel/Documentos/workspace/github.com/testing_jest/src/sum.js": {"path":"/media/theblackwidow/a21aed95-7408-47bb-9c7a-10d07afe8e6a/enmanuel/Documentos/workspace/github.com/testing_jest/src/sum.js","statementMap":{"0":{"start":{"line":1,"column":10},"end":{"line":3,"column":1}},"1":{"start":{"line":2,"column":4},"end":{"line":2,"column":15}},"2":{"start":{"line":5,"column":0},"end":{"line":5,"column":20}}},"fnMap":{"0":{"name":"(anonymous_0)","decl":{"start":{"line":1,"column":10},"end":{"line":1,"column":11}},"loc":{"start":{"line":1,"column":17},"end":{"line":3,"column":1}},"line":1}},"branchMap":{},"s":{"0":1,"1":4,"2":1},"f":{"0":4},"b":{},"_coverageSchema":"1a1c01bbd47fc00a2c39e90264f33305004495a9","hash":"220edf96b487e09fec5c7f800396a9cf103af401"}
}
